<?xml version="1.0" encoding="UTF-8"?>
<testng-results ignored="12" total="16" passed="4" failed="0" skipped="0">
  <reporter-output>
  </reporter-output>
  <suite started-at="2023-04-19T19:50:21 IST" name="Suite" finished-at="2023-04-19T19:51:34 IST" duration-ms="72891">
    <groups>
      <group name="regressiontest">
        <method signature="CreateCampaigneWithProductTest.createCampaigneWithProduct()[pri:0, instance:Campaigns.CreateCampaigneWithProductTest@18d87d80]" name="createCampaigneWithProduct" class="Campaigns.CreateCampaigneWithProductTest"/>
        <method signature="CreateOrganisationTest.createOrganisation()[pri:0, instance:organisation.CreateOrganisationTest@2f217633]" name="createOrganisation" class="organisation.CreateOrganisationTest"/>
        <method signature="CreateProductTest.createProduct()[pri:0, instance:product.CreateProductTest@1af2d44a]" name="createProduct" class="product.CreateProductTest"/>
      </group> <!-- regressiontest -->
      <group name="smoketest">
        <method signature="CreateCampaignsTest.createCampaigns()[pri:0, instance:Campaigns.CreateCampaignsTest@1e04fa0a]" name="createCampaigns" class="Campaigns.CreateCampaignsTest"/>
        <method signature="CreateOrganisationTest.createOrganisation()[pri:0, instance:organisation.CreateOrganisationTest@2f217633]" name="createOrganisation" class="organisation.CreateOrganisationTest"/>
        <method signature="CreateProductTest.createProduct()[pri:0, instance:product.CreateProductTest@1af2d44a]" name="createProduct" class="product.CreateProductTest"/>
      </group> <!-- smoketest -->
    </groups>
    <test started-at="2023-04-19T19:50:21 IST" name="Test" finished-at="2023-04-19T19:51:34 IST" duration-ms="72891">
      <class name="organisation.CreateOrganisationTest">
        <test-method is-config="true" signature="BS()[pri:0, instance:organisation.CreateOrganisationTest@2f217633]" started-at="2023-04-19T19:50:21 IST" name="BS" finished-at="2023-04-19T19:50:21 IST" duration-ms="6" status="PASS">
          <reporter-output>
          </reporter-output>
        </test-method> <!-- BS -->
        <test-method is-config="true" signature="BT()[pri:0, instance:organisation.CreateOrganisationTest@2f217633]" started-at="2023-04-19T19:50:21 IST" name="BT" finished-at="2023-04-19T19:50:21 IST" duration-ms="0" status="PASS">
          <reporter-output>
          </reporter-output>
        </test-method> <!-- BT -->
        <test-method is-config="true" signature="BC()[pri:0, instance:organisation.CreateOrganisationTest@2f217633]" started-at="2023-04-19T19:50:21 IST" name="BC" finished-at="2023-04-19T19:50:22 IST" duration-ms="1662" status="PASS">
          <reporter-output>
          </reporter-output>
        </test-method> <!-- BC -->
        <test-method is-config="true" signature="BM()[pri:0, instance:organisation.CreateOrganisationTest@2f217633]" started-at="2023-04-19T19:50:22 IST" name="BM" finished-at="2023-04-19T19:50:28 IST" duration-ms="5947" status="PASS">
          <reporter-output>
          </reporter-output>
        </test-method> <!-- BM -->
        <test-method signature="createOrganisation()[pri:0, instance:organisation.CreateOrganisationTest@2f217633]" started-at="2023-04-19T19:50:28 IST" name="createOrganisation" finished-at="2023-04-19T19:50:45 IST" duration-ms="16507" status="PASS">
          <reporter-output>
          </reporter-output>
        </test-method> <!-- createOrganisation -->
        <test-method is-config="true" signature="AM()[pri:0, instance:organisation.CreateOrganisationTest@2f217633]" started-at="2023-04-19T19:50:45 IST" name="AM" finished-at="2023-04-19T19:50:46 IST" duration-ms="1374" status="PASS">
          <reporter-output>
          </reporter-output>
        </test-method> <!-- AM -->
        <test-method is-config="true" signature="AC()[pri:0, instance:organisation.CreateOrganisationTest@2f217633]" started-at="2023-04-19T19:50:46 IST" name="AC" finished-at="2023-04-19T19:50:46 IST" duration-ms="132" status="PASS">
          <reporter-output>
          </reporter-output>
        </test-method> <!-- AC -->
        <test-method is-config="true" signature="AT()[pri:0, instance:organisation.CreateOrganisationTest@2f217633]" started-at="2023-04-19T19:51:34 IST" name="AT" finished-at="2023-04-19T19:51:34 IST" duration-ms="1" status="PASS">
          <reporter-output>
          </reporter-output>
        </test-method> <!-- AT -->
        <test-method is-config="true" signature="AS()[pri:0, instance:organisation.CreateOrganisationTest@2f217633]" started-at="2023-04-19T19:51:34 IST" name="AS" finished-at="2023-04-19T19:51:34 IST" duration-ms="0" status="PASS">
          <reporter-output>
          </reporter-output>
        </test-method> <!-- AS -->
      </class> <!-- organisation.CreateOrganisationTest -->
      <class name="product.CreateProductTest">
        <test-method is-config="true" signature="BC()[pri:0, instance:product.CreateProductTest@1af2d44a]" started-at="2023-04-19T19:50:57 IST" name="BC" finished-at="2023-04-19T19:50:58 IST" duration-ms="931" status="PASS">
          <reporter-output>
          </reporter-output>
        </test-method> <!-- BC -->
        <test-method is-config="true" signature="BM()[pri:0, instance:product.CreateProductTest@1af2d44a]" started-at="2023-04-19T19:50:58 IST" name="BM" finished-at="2023-04-19T19:51:01 IST" duration-ms="2689" status="PASS">
          <reporter-output>
          </reporter-output>
        </test-method> <!-- BM -->
        <test-method signature="createProduct()[pri:0, instance:product.CreateProductTest@1af2d44a]" started-at="2023-04-19T19:51:01 IST" name="createProduct" finished-at="2023-04-19T19:51:11 IST" duration-ms="10096" status="PASS">
          <reporter-output>
          </reporter-output>
        </test-method> <!-- createProduct -->
        <test-method is-config="true" signature="AM()[pri:0, instance:product.CreateProductTest@1af2d44a]" started-at="2023-04-19T19:51:11 IST" name="AM" finished-at="2023-04-19T19:51:14 IST" duration-ms="3301" status="PASS">
          <reporter-output>
          </reporter-output>
        </test-method> <!-- AM -->
        <test-method is-config="true" signature="AC()[pri:0, instance:product.CreateProductTest@1af2d44a]" started-at="2023-04-19T19:51:14 IST" name="AC" finished-at="2023-04-19T19:51:14 IST" duration-ms="120" status="PASS">
          <reporter-output>
          </reporter-output>
        </test-method> <!-- AC -->
      </class> <!-- product.CreateProductTest -->
      <class name="Campaigns.CreateCampaignsTest">
        <test-method is-config="true" signature="BC()[pri:0, instance:Campaigns.CreateCampaignsTest@1e04fa0a]" started-at="2023-04-19T19:50:46 IST" name="BC" finished-at="2023-04-19T19:50:47 IST" duration-ms="802" status="PASS">
          <reporter-output>
          </reporter-output>
        </test-method> <!-- BC -->
        <test-method is-config="true" signature="BM()[pri:0, instance:Campaigns.CreateCampaignsTest@1e04fa0a]" started-at="2023-04-19T19:50:47 IST" name="BM" finished-at="2023-04-19T19:50:50 IST" duration-ms="2457" status="PASS">
          <reporter-output>
          </reporter-output>
        </test-method> <!-- BM -->
        <test-method signature="createCampaigns()[pri:0, instance:Campaigns.CreateCampaignsTest@1e04fa0a]" started-at="2023-04-19T19:50:50 IST" name="createCampaigns" finished-at="2023-04-19T19:50:56 IST" duration-ms="6367" status="PASS">
          <reporter-output>
          </reporter-output>
        </test-method> <!-- createCampaigns -->
        <test-method is-config="true" signature="AM()[pri:0, instance:Campaigns.CreateCampaignsTest@1e04fa0a]" started-at="2023-04-19T19:50:56 IST" name="AM" finished-at="2023-04-19T19:50:57 IST" duration-ms="965" status="PASS">
          <reporter-output>
          </reporter-output>
        </test-method> <!-- AM -->
        <test-method is-config="true" signature="AC()[pri:0, instance:Campaigns.CreateCampaignsTest@1e04fa0a]" started-at="2023-04-19T19:50:57 IST" name="AC" finished-at="2023-04-19T19:50:57 IST" duration-ms="108" status="PASS">
          <reporter-output>
          </reporter-output>
        </test-method> <!-- AC -->
      </class> <!-- Campaigns.CreateCampaignsTest -->
      <class name="Campaigns.CreateCampaigneWithProductTest">
        <test-method is-config="true" signature="BC()[pri:0, instance:Campaigns.CreateCampaigneWithProductTest@18d87d80]" started-at="2023-04-19T19:51:14 IST" name="BC" finished-at="2023-04-19T19:51:15 IST" duration-ms="1127" status="PASS">
          <reporter-output>
          </reporter-output>
        </test-method> <!-- BC -->
        <test-method is-config="true" signature="BM()[pri:0, instance:Campaigns.CreateCampaigneWithProductTest@18d87d80]" started-at="2023-04-19T19:51:15 IST" name="BM" finished-at="2023-04-19T19:51:18 IST" duration-ms="2814" status="PASS">
          <reporter-output>
          </reporter-output>
        </test-method> <!-- BM -->
        <test-method signature="createCampaigneWithProduct()[pri:0, instance:Campaigns.CreateCampaigneWithProductTest@18d87d80]" started-at="2023-04-19T19:51:18 IST" name="createCampaigneWithProduct" finished-at="2023-04-19T19:51:32 IST" duration-ms="14070" status="PASS">
          <reporter-output>
          </reporter-output>
        </test-method> <!-- createCampaigneWithProduct -->
        <test-method is-config="true" signature="AM()[pri:0, instance:Campaigns.CreateCampaigneWithProductTest@18d87d80]" started-at="2023-04-19T19:51:32 IST" name="AM" finished-at="2023-04-19T19:51:34 IST" duration-ms="1221" status="PASS">
          <reporter-output>
          </reporter-output>
        </test-method> <!-- AM -->
        <test-method is-config="true" signature="AC()[pri:0, instance:Campaigns.CreateCampaigneWithProductTest@18d87d80]" started-at="2023-04-19T19:51:34 IST" name="AC" finished-at="2023-04-19T19:51:34 IST" duration-ms="155" status="PASS">
          <reporter-output>
          </reporter-output>
        </test-method> <!-- AC -->
      </class> <!-- Campaigns.CreateCampaigneWithProductTest -->
    </test> <!-- Test -->
  </suite> <!-- Suite -->
</testng-results>
